<?xml version="1.0" encoding="UTF-8"?>
<testsuite xmlns:xsi="http://www.w3.org/2001/XMLSchema-instance" xsi:noNamespaceSchemaLocation="https://maven.apache.org/surefire/maven-surefire-plugin/xsd/surefire-test-report.xsd" name="au.csiro.fhir.claml.FhirClamlTest" time="0.048" tests="1" errors="0" skipped="0" failures="0">
  <properties>
    <property name="gopherProxySet" value="false"/>
    <property name="awt.toolkit" value="sun.lwawt.macosx.LWCToolkit"/>
    <property name="java.specification.version" value="11"/>
    <property name="sun.cpu.isalist" value=""/>
    <property name="sun.jnu.encoding" value="UTF-8"/>
    <property name="java.class.path" value="/Users/ste712/code/fhir-claml/target/test-classes:/Users/ste712/code/fhir-claml/target/classes:/Users/ste712/.m2/repository/org/springframework/boot/spring-boot-starter/2.2.5.RELEASE/spring-boot-starter-2.2.5.RELEASE.jar:/Users/ste712/.m2/repository/org/springframework/boot/spring-boot/2.2.5.RELEASE/spring-boot-2.2.5.RELEASE.jar:/Users/ste712/.m2/repository/org/springframework/spring-context/5.2.4.RELEASE/spring-context-5.2.4.RELEASE.jar:/Users/ste712/.m2/repository/org/springframework/spring-aop/5.2.4.RELEASE/spring-aop-5.2.4.RELEASE.jar:/Users/ste712/.m2/repository/org/springframework/spring-beans/5.2.4.RELEASE/spring-beans-5.2.4.RELEASE.jar:/Users/ste712/.m2/repository/org/springframework/spring-expression/5.2.4.RELEASE/spring-expression-5.2.4.RELEASE.jar:/Users/ste712/.m2/repository/org/springframework/boot/spring-boot-autoconfigure/2.2.5.RELEASE/spring-boot-autoconfigure-2.2.5.RELEASE.jar:/Users/ste712/.m2/repository/org/springframework/boot/spring-boot-starter-logging/2.2.5.RELEASE/spring-boot-starter-logging-2.2.5.RELEASE.jar:/Users/ste712/.m2/repository/ch/qos/logback/logback-classic/1.2.3/logback-classic-1.2.3.jar:/Users/ste712/.m2/repository/ch/qos/logback/logback-core/1.2.3/logback-core-1.2.3.jar:/Users/ste712/.m2/repository/org/apache/logging/log4j/log4j-to-slf4j/2.12.1/log4j-to-slf4j-2.12.1.jar:/Users/ste712/.m2/repository/org/apache/logging/log4j/log4j-api/2.12.1/log4j-api-2.12.1.jar:/Users/ste712/.m2/repository/org/slf4j/jul-to-slf4j/1.7.30/jul-to-slf4j-1.7.30.jar:/Users/ste712/.m2/repository/jakarta/annotation/jakarta.annotation-api/1.3.5/jakarta.annotation-api-1.3.5.jar:/Users/ste712/.m2/repository/org/springframework/spring-core/5.2.4.RELEASE/spring-core-5.2.4.RELEASE.jar:/Users/ste712/.m2/repository/org/springframework/spring-jcl/5.2.4.RELEASE/spring-jcl-5.2.4.RELEASE.jar:/Users/ste712/.m2/repository/org/yaml/snakeyaml/1.25/snakeyaml-1.25.jar:/Users/ste712/.m2/repository/ca/uhn/hapi/fhir/hapi-fhir-client/4.2.0/hapi-fhir-client-4.2.0.jar:/Users/ste712/.m2/repository/ca/uhn/hapi/fhir/hapi-fhir-base/4.2.0/hapi-fhir-base-4.2.0.jar:/Users/ste712/.m2/repository/com/google/code/gson/gson/2.8.6/gson-2.8.6.jar:/Users/ste712/.m2/repository/org/apache/commons/commons-lang3/3.9/commons-lang3-3.9.jar:/Users/ste712/.m2/repository/org/apache/commons/commons-text/1.7/commons-text-1.7.jar:/Users/ste712/.m2/repository/commons-codec/commons-codec/1.13/commons-codec-1.13.jar:/Users/ste712/.m2/repository/commons-io/commons-io/2.6/commons-io-2.6.jar:/Users/ste712/.m2/repository/com/google/guava/guava/28.0-jre/guava-28.0-jre.jar:/Users/ste712/.m2/repository/com/google/guava/failureaccess/1.0.1/failureaccess-1.0.1.jar:/Users/ste712/.m2/repository/com/google/guava/listenablefuture/9999.0-empty-to-avoid-conflict-with-guava/listenablefuture-9999.0-empty-to-avoid-conflict-with-guava.jar:/Users/ste712/.m2/repository/org/checkerframework/checker-qual/2.8.1/checker-qual-2.8.1.jar:/Users/ste712/.m2/repository/com/google/errorprone/error_prone_annotations/2.3.2/error_prone_annotations-2.3.2.jar:/Users/ste712/.m2/repository/com/google/j2objc/j2objc-annotations/1.3/j2objc-annotations-1.3.jar:/Users/ste712/.m2/repository/org/codehaus/mojo/animal-sniffer-annotations/1.17/animal-sniffer-annotations-1.17.jar:/Users/ste712/.m2/repository/org/slf4j/slf4j-api/1.7.30/slf4j-api-1.7.30.jar:/Users/ste712/.m2/repository/org/slf4j/jcl-over-slf4j/1.7.30/jcl-over-slf4j-1.7.30.jar:/Users/ste712/.m2/repository/org/apache/httpcomponents/httpclient/4.5.11/httpclient-4.5.11.jar:/Users/ste712/.m2/repository/org/apache/httpcomponents/httpcore/4.4.13/httpcore-4.4.13.jar:/Users/ste712/.m2/repository/ca/uhn/hapi/fhir/hapi-fhir-structures-r4/4.2.0/hapi-fhir-structures-r4-4.2.0.jar:/Users/ste712/.m2/repository/ca/uhn/hapi/fhir/org.hl7.fhir.utilities/4.2.0/org.hl7.fhir.utilities-4.2.0.jar:/Users/ste712/.m2/repository/ca/uhn/hapi/fhir/org.hl7.fhir.r4/4.2.0/org.hl7.fhir.r4-4.2.0.jar:/Users/ste712/.m2/repository/org/fhir/ucum/1.0.2/ucum-1.0.2.jar:/Users/ste712/.m2/repository/xpp3/xpp3/1.1.4c/xpp3-1.1.4c.jar:/Users/ste712/.m2/repository/xpp3/xpp3_xpath/1.1.4c/xpp3_xpath-1.1.4c.jar:/Users/ste712/.m2/repository/junit/junit/4.12/junit-4.12.jar:/Users/ste712/.m2/repository/com/google/code/findbugs/jsr305/3.0.2/jsr305-3.0.2.jar:/Users/ste712/.m2/repository/javax/xml/bind/jaxb-api/2.3.1/jaxb-api-2.3.1.jar:/Users/ste712/.m2/repository/javax/activation/javax.activation-api/1.2.0/javax.activation-api-1.2.0.jar:/Users/ste712/.m2/repository/com/sun/xml/bind/jaxb-core/2.3.0/jaxb-core-2.3.0.jar:/Users/ste712/.m2/repository/com/sun/xml/bind/jaxb-impl/2.3.0/jaxb-impl-2.3.0.jar:/Users/ste712/.m2/repository/commons-cli/commons-cli/1.4/commons-cli-1.4.jar:/Users/ste712/.m2/repository/org/hamcrest/hamcrest-core/2.1/hamcrest-core-2.1.jar:/Users/ste712/.m2/repository/org/hamcrest/hamcrest/2.1/hamcrest-2.1.jar:"/>
    <property name="java.vm.vendor" value="Amazon.com Inc."/>
    <property name="sun.arch.data.model" value="64"/>
    <property name="java.vendor.url" value="https://aws.amazon.com/corretto/"/>
    <property name="user.timezone" value=""/>
    <property name="java.vm.specification.version" value="11"/>
    <property name="os.name" value="Mac OS X"/>
    <property name="sun.java.launcher" value="SUN_STANDARD"/>
    <property name="user.country" value="AU"/>
    <property name="sun.boot.library.path" value="/Library/Java/JavaVirtualMachines/amazon-corretto-11.jdk/Contents/Home/lib"/>
    <property name="sun.java.command" value="/Users/ste712/code/fhir-claml/target/surefire/surefirebooter750174965685045309.jar /Users/ste712/code/fhir-claml/target/surefire 2020-03-16T13-40-47_960-jvmRun1 surefire6435691048692252996tmp surefire_016434832576669989195tmp"/>
    <property name="jdk.debug" value="release"/>
    <property name="surefire.test.class.path" value="/Users/ste712/code/fhir-claml/target/test-classes:/Users/ste712/code/fhir-claml/target/classes:/Users/ste712/.m2/repository/org/springframework/boot/spring-boot-starter/2.2.5.RELEASE/spring-boot-starter-2.2.5.RELEASE.jar:/Users/ste712/.m2/repository/org/springframework/boot/spring-boot/2.2.5.RELEASE/spring-boot-2.2.5.RELEASE.jar:/Users/ste712/.m2/repository/org/springframework/spring-context/5.2.4.RELEASE/spring-context-5.2.4.RELEASE.jar:/Users/ste712/.m2/repository/org/springframework/spring-aop/5.2.4.RELEASE/spring-aop-5.2.4.RELEASE.jar:/Users/ste712/.m2/repository/org/springframework/spring-beans/5.2.4.RELEASE/spring-beans-5.2.4.RELEASE.jar:/Users/ste712/.m2/repository/org/springframework/spring-expression/5.2.4.RELEASE/spring-expression-5.2.4.RELEASE.jar:/Users/ste712/.m2/repository/org/springframework/boot/spring-boot-autoconfigure/2.2.5.RELEASE/spring-boot-autoconfigure-2.2.5.RELEASE.jar:/Users/ste712/.m2/repository/org/springframework/boot/spring-boot-starter-logging/2.2.5.RELEASE/spring-boot-starter-logging-2.2.5.RELEASE.jar:/Users/ste712/.m2/repository/ch/qos/logback/logback-classic/1.2.3/logback-classic-1.2.3.jar:/Users/ste712/.m2/repository/ch/qos/logback/logback-core/1.2.3/logback-core-1.2.3.jar:/Users/ste712/.m2/repository/org/apache/logging/log4j/log4j-to-slf4j/2.12.1/log4j-to-slf4j-2.12.1.jar:/Users/ste712/.m2/repository/org/apache/logging/log4j/log4j-api/2.12.1/log4j-api-2.12.1.jar:/Users/ste712/.m2/repository/org/slf4j/jul-to-slf4j/1.7.30/jul-to-slf4j-1.7.30.jar:/Users/ste712/.m2/repository/jakarta/annotation/jakarta.annotation-api/1.3.5/jakarta.annotation-api-1.3.5.jar:/Users/ste712/.m2/repository/org/springframework/spring-core/5.2.4.RELEASE/spring-core-5.2.4.RELEASE.jar:/Users/ste712/.m2/repository/org/springframework/spring-jcl/5.2.4.RELEASE/spring-jcl-5.2.4.RELEASE.jar:/Users/ste712/.m2/repository/org/yaml/snakeyaml/1.25/snakeyaml-1.25.jar:/Users/ste712/.m2/repository/ca/uhn/hapi/fhir/hapi-fhir-client/4.2.0/hapi-fhir-client-4.2.0.jar:/Users/ste712/.m2/repository/ca/uhn/hapi/fhir/hapi-fhir-base/4.2.0/hapi-fhir-base-4.2.0.jar:/Users/ste712/.m2/repository/com/google/code/gson/gson/2.8.6/gson-2.8.6.jar:/Users/ste712/.m2/repository/org/apache/commons/commons-lang3/3.9/commons-lang3-3.9.jar:/Users/ste712/.m2/repository/org/apache/commons/commons-text/1.7/commons-text-1.7.jar:/Users/ste712/.m2/repository/commons-codec/commons-codec/1.13/commons-codec-1.13.jar:/Users/ste712/.m2/repository/commons-io/commons-io/2.6/commons-io-2.6.jar:/Users/ste712/.m2/repository/com/google/guava/guava/28.0-jre/guava-28.0-jre.jar:/Users/ste712/.m2/repository/com/google/guava/failureaccess/1.0.1/failureaccess-1.0.1.jar:/Users/ste712/.m2/repository/com/google/guava/listenablefuture/9999.0-empty-to-avoid-conflict-with-guava/listenablefuture-9999.0-empty-to-avoid-conflict-with-guava.jar:/Users/ste712/.m2/repository/org/checkerframework/checker-qual/2.8.1/checker-qual-2.8.1.jar:/Users/ste712/.m2/repository/com/google/errorprone/error_prone_annotations/2.3.2/error_prone_annotations-2.3.2.jar:/Users/ste712/.m2/repository/com/google/j2objc/j2objc-annotations/1.3/j2objc-annotations-1.3.jar:/Users/ste712/.m2/repository/org/codehaus/mojo/animal-sniffer-annotations/1.17/animal-sniffer-annotations-1.17.jar:/Users/ste712/.m2/repository/org/slf4j/slf4j-api/1.7.30/slf4j-api-1.7.30.jar:/Users/ste712/.m2/repository/org/slf4j/jcl-over-slf4j/1.7.30/jcl-over-slf4j-1.7.30.jar:/Users/ste712/.m2/repository/org/apache/httpcomponents/httpclient/4.5.11/httpclient-4.5.11.jar:/Users/ste712/.m2/repository/org/apache/httpcomponents/httpcore/4.4.13/httpcore-4.4.13.jar:/Users/ste712/.m2/repository/ca/uhn/hapi/fhir/hapi-fhir-structures-r4/4.2.0/hapi-fhir-structures-r4-4.2.0.jar:/Users/ste712/.m2/repository/ca/uhn/hapi/fhir/org.hl7.fhir.utilities/4.2.0/org.hl7.fhir.utilities-4.2.0.jar:/Users/ste712/.m2/repository/ca/uhn/hapi/fhir/org.hl7.fhir.r4/4.2.0/org.hl7.fhir.r4-4.2.0.jar:/Users/ste712/.m2/repository/org/fhir/ucum/1.0.2/ucum-1.0.2.jar:/Users/ste712/.m2/repository/xpp3/xpp3/1.1.4c/xpp3-1.1.4c.jar:/Users/ste712/.m2/repository/xpp3/xpp3_xpath/1.1.4c/xpp3_xpath-1.1.4c.jar:/Users/ste712/.m2/repository/junit/junit/4.12/junit-4.12.jar:/Users/ste712/.m2/repository/com/google/code/findbugs/jsr305/3.0.2/jsr305-3.0.2.jar:/Users/ste712/.m2/repository/javax/xml/bind/jaxb-api/2.3.1/jaxb-api-2.3.1.jar:/Users/ste712/.m2/repository/javax/activation/javax.activation-api/1.2.0/javax.activation-api-1.2.0.jar:/Users/ste712/.m2/repository/com/sun/xml/bind/jaxb-core/2.3.0/jaxb-core-2.3.0.jar:/Users/ste712/.m2/repository/com/sun/xml/bind/jaxb-impl/2.3.0/jaxb-impl-2.3.0.jar:/Users/ste712/.m2/repository/commons-cli/commons-cli/1.4/commons-cli-1.4.jar:/Users/ste712/.m2/repository/org/hamcrest/hamcrest-core/2.1/hamcrest-core-2.1.jar:/Users/ste712/.m2/repository/org/hamcrest/hamcrest/2.1/hamcrest-2.1.jar:"/>
    <property name="sun.cpu.endian" value="little"/>
    <property name="user.home" value="/Users/ste712"/>
    <property name="user.language" value="en"/>
    <property name="java.specification.vendor" value="Oracle Corporation"/>
    <property name="java.version.date" value="2019-01-15"/>
    <property name="java.home" value="/Library/Java/JavaVirtualMachines/amazon-corretto-11.jdk/Contents/Home"/>
    <property name="file.separator" value="/"/>
    <property name="basedir" value="/Users/ste712/code/fhir-claml"/>
    <property name="java.vm.compressedOopsMode" value="Zero based"/>
    <property name="line.separator" value="&#10;"/>
    <property name="java.specification.name" value="Java Platform API Specification"/>
    <property name="java.vm.specification.vendor" value="Oracle Corporation"/>
    <property name="java.awt.graphicsenv" value="sun.awt.CGraphicsEnvironment"/>
    <property name="surefire.real.class.path" value="/Users/ste712/code/fhir-claml/target/surefire/surefirebooter750174965685045309.jar"/>
    <property name="sun.management.compiler" value="HotSpot 64-Bit Tiered Compilers"/>
    <property name="java.runtime.version" value="11.0.2+9-LTS"/>
    <property name="user.name" value="ste712"/>
    <property name="path.separator" value=":"/>
    <property name="os.version" value="10.15.1"/>
    <property name="java.runtime.name" value="OpenJDK Runtime Environment"/>
    <property name="file.encoding" value="UTF-8"/>
    <property name="java.vm.name" value="OpenJDK 64-Bit Server VM"/>
    <property name="java.vendor.version" value="Corretto-11.0.2.9.3"/>
    <property name="localRepository" value="/Users/ste712/.m2/repository"/>
    <property name="java.vendor.url.bug" value="https://github.com/corretto/corretto-11/issues/"/>
    <property name="java.io.tmpdir" value="/var/folders/4l/zrd78bnj00s1gwm5nh1f9zz0kgz1mx/T/"/>
    <property name="java.version" value="11.0.2"/>
    <property name="user.dir" value="/Users/ste712/code/fhir-claml"/>
    <property name="os.arch" value="x86_64"/>
    <property name="java.vm.specification.name" value="Java Virtual Machine Specification"/>
    <property name="java.awt.printerjob" value="sun.lwawt.macosx.CPrinterJob"/>
    <property name="sun.os.patch.level" value="unknown"/>
    <property name="java.library.path" value="/Users/ste712/Library/Java/Extensions:/Library/Java/Extensions:/Network/Library/Java/Extensions:/System/Library/Java/Extensions:/usr/lib/java:."/>
    <property name="java.vendor" value="Amazon.com Inc."/>
    <property name="java.vm.info" value="mixed mode"/>
    <property name="java.vm.version" value="11.0.2+9-LTS"/>
    <property name="sun.io.unicode.encoding" value="UnicodeBig"/>
    <property name="java.class.version" value="55.0"/>
  </properties>
  <testcase name="testTransform" classname="au.csiro.fhir.claml.FhirClamlTest" time="0.002"/>
</testsuite>